\BOOKMARK [1][-]{section.1}{1 Introduction}{}% 1
\BOOKMARK [1][-]{section.2}{2 Related literature}{}% 2
\BOOKMARK [1][-]{section.3}{3 Data en Method}{}% 3
\BOOKMARK [2][-]{subsection.3.1}{3.1 Data collection}{section.3}% 4
\BOOKMARK [2][-]{subsection.3.2}{3.2 Pipeline}{section.3}% 5
\BOOKMARK [3][-]{subsubsection.3.2.1}{3.2.1 Clustering}{subsection.3.2}% 6
\BOOKMARK [3][-]{subsubsection.3.2.2}{3.2.2 Classification}{subsection.3.2}% 7
\BOOKMARK [3][-]{subsubsection.3.2.3}{3.2.3 Named Entity Recognition}{subsection.3.2}% 8
\BOOKMARK [2][-]{subsection.3.3}{3.3 Evaluation}{section.3}% 9
\BOOKMARK [1][-]{section.4}{4 Implementation and results}{}% 10
\BOOKMARK [2][-]{subsection.4.1}{4.1 System architecture}{section.4}% 11
\BOOKMARK [2][-]{subsection.4.2}{4.2 Creating Event Candidates}{section.4}% 12
\BOOKMARK [2][-]{subsection.4.3}{4.3 Annotation}{section.4}% 13
\BOOKMARK [2][-]{subsection.4.4}{4.4 Training classifiers}{section.4}% 14
\BOOKMARK [3][-]{subsubsection.4.4.1}{4.4.1 Feature selection}{subsection.4.4}% 15
\BOOKMARK [3][-]{subsubsection.4.4.2}{4.4.2 Results event detection}{subsection.4.4}% 16
\BOOKMARK [2][-]{subsection.4.5}{4.5 Event Detective}{section.4}% 17
\BOOKMARK [2][-]{subsection.4.6}{4.6 Named Entity Recognition}{section.4}% 18
\BOOKMARK [3][-]{subsubsection.4.6.1}{4.6.1 Data collection}{subsection.4.6}% 19
\BOOKMARK [3][-]{subsubsection.4.6.2}{4.6.2 Training}{subsection.4.6}% 20
\BOOKMARK [3][-]{subsubsection.4.6.3}{4.6.3 Results}{subsection.4.6}% 21
\BOOKMARK [1][-]{section.5}{5 Conclusion and discussion}{}% 22
\BOOKMARK [1][-]{section.6}{6 Appendix 1}{}% 23
\BOOKMARK [1][-]{section.7}{7 Appendix 2}{}% 24
